<?xml version="1.0" encoding="UTF-8"?>
<!-- Generated by org.testng.reporters.JUnitXMLReporter -->
<testsuite ignored="0" hostname="MBPuzivelaFilip" failures="1" tests="1" name="Surefire test" time="14.649" errors="0" timestamp="2022-12-09T18:28:47 SEČ">
  <testcase classname="io.cucumber.testng.AbstractTestNGCucumberTests" name="runScenario" time="14.174">
    <failure type="java.lang.AssertionError" message="expected [true] but found [false]">
      <![CDATA[java.lang.AssertionError: expected [true] but found [false]
at steps.AutomationPracticeStepDefinition.i_see_tabs_should_have_title_something_and_something_and_something(AutomationPracticeStepDefinition.java:72)
at ✽.I see tabs should have title "Practice pages" And "appium mobile automation testing from scratch + frameworks tutorial | udemy" And "the world's most popular api testing tool | soapui"(file:///Users/filip/IntelliJ%20projects/RahulUdemy/src/test/java/features/AutomationPracticePageTests.feature:28)
... Removed 5 stack frames]]>
    </failure>
  </testcase> <!-- runScenario -->
</testsuite> <!-- Surefire test -->
