<?xml version="1.0" encoding="UTF-8" standalone="no"?>
<testng-results failed="0" passed="2" skipped="0" total="2">
    <suite duration-ms="5874" name="io.cucumber.core.plugin.TestNGFormatter">
        <test duration-ms="5874" name="io.cucumber.core.plugin.TestNGFormatter">
            <class name="Krone demo">
                <test-method duration-ms="5750" finished-at="2023-04-08T08:33:33.195685Z" name="Validate Linkedin URL" started-at="2023-04-08T08:33:27.408572Z" status="PASS"/>
                <test-method duration-ms="4548" finished-at="2023-04-08T08:33:31.994462Z" name="Validate Instagram URL" started-at="2023-04-08T08:33:27.408906Z" status="PASS"/>
            </class>
        </test>
    </suite>
</testng-results>
