<?xml version="1.0" encoding="UTF-8"?>
<testng-results ignored="0" total="1" passed="1" failed="0" skipped="0">
  <reporter-output>
  </reporter-output>
  <suite started-at="2022-12-09T23:31:11 SEČ" name="All Test Suite" finished-at="2022-12-09T23:31:32 SEČ" duration-ms="21512">
    <groups>
      <group name="cucumber">
        <method signature="AbstractTestNGCucumberTests.runScenario(io.cucumber.testng.PickleWrapper,io.cucumber.testng.FeatureWrapper)[pri:0, instance:testRunners.CucumberTestNGRunner@5d94a2dc]" name="runScenario" class="io.cucumber.testng.AbstractTestNGCucumberTests"/>
      </group> <!-- cucumber -->
    </groups>
    <test started-at="2022-12-09T23:31:11 SEČ" name="rahul selenium to selenide cucumber " finished-at="2022-12-09T23:31:32 SEČ" duration-ms="21512">
      <class name="testRunners.CucumberTestNGRunner">
        <test-method is-config="true" signature="setUpClass(org.testng.ITestContext)[pri:0, instance:testRunners.CucumberTestNGRunner@5d94a2dc]" started-at="2022-12-09T23:31:11 SEČ" name="setUpClass" finished-at="2022-12-09T23:31:11 SEČ" duration-ms="269" status="PASS">
          <params>
            <param index="0">
              <value>
                <![CDATA[org.testng.TestRunner@1802f60c]]>
              </value>
            </param>
          </params>
          <reporter-output>
          </reporter-output>
        </test-method> <!-- setUpClass -->
        <test-method signature="runScenario(io.cucumber.testng.PickleWrapper,io.cucumber.testng.FeatureWrapper)[pri:0, instance:testRunners.CucumberTestNGRunner@5d94a2dc]" started-at="2022-12-09T23:31:11 SEČ" name="runScenario" description="Runs Cucumber Scenarios" data-provider="scenarios" finished-at="2022-12-09T23:31:32 SEČ" duration-ms="21058" status="PASS">
          <params>
            <param index="0">
              <value>
                <![CDATA["Get titles of the opened tabs"]]>
              </value>
            </param>
            <param index="1">
              <value>
                <![CDATA["AutomationPractice page tests"]]>
              </value>
            </param>
          </params>
          <reporter-output>
          </reporter-output>
        </test-method> <!-- runScenario -->
        <test-method is-config="true" signature="tearDownClass()[pri:0, instance:testRunners.CucumberTestNGRunner@5d94a2dc]" started-at="2022-12-09T23:31:32 SEČ" name="tearDownClass" finished-at="2022-12-09T23:31:32 SEČ" duration-ms="170" status="PASS">
          <reporter-output>
          </reporter-output>
        </test-method> <!-- tearDownClass -->
      </class> <!-- testRunners.CucumberTestNGRunner -->
    </test> <!-- rahul selenium to selenide cucumber  -->
  </suite> <!-- All Test Suite -->
</testng-results>
