-------------------------------------------------------------------------------
Test set: TestSuite
-------------------------------------------------------------------------------
Tests run: 6, Failures: 4, Errors: 0, Skipped: 0, Time elapsed: 139.077 s <<< FAILURE! - in TestSuite
testRunners.CucumberTestNGRunner.runScenario["Dismiss alert", "AutomationPractice page tests"](2)  Time elapsed: 30.19 s  <<< FAILURE!
org.openqa.selenium.TimeoutException: 
Build info: version: '4.8.3', revision: 'e5e76298c3'
System info: os.name: 'Mac OS X', os.arch: 'aarch64', os.version: '13.1', java.version: '18.0.2'
Driver info: org.openqa.selenium.safari.SafariDriver
Command: [79D26E15-EF24-4905-A1C5-A5623F0226FD, get {url=https://rahulshettyacademy.com/AutomationPractice/}]
selenide.url: https://rahulshettyacademy.com/AutomationPractice/
Capabilities {acceptInsecureCerts: false, browserName: Safari, browserVersion: 16.2, pageLoadStrategy: normal, platformName: MAC, safari:automaticInspection: false, safari:automaticProfiling: false, safari:diagnose: false, safari:platformBuildVersion: 22C65, safari:platformVersion: 13.1, safari:useSimulator: false, setWindowRect: true, strictFileInteractability: false, unhandledPromptBehavior: accept, webkit:WebRTC: {DisableICECandidateFiltering: false, DisableInsecureMediaCapture: false}}
selenide.baseUrl: https://rahulshettyacademy.com
Session ID: 79D26E15-EF24-4905-A1C5-A5623F0226FD
	at java.base/jdk.internal.reflect.DirectConstructorHandleAccessor.newInstance(DirectConstructorHandleAccessor.java:67)
	at java.base/java.lang.reflect.Constructor.newInstanceWithCaller(Constructor.java:499)
	at java.base/java.lang.reflect.Constructor.newInstance(Constructor.java:483)
	at org.openqa.selenium.remote.codec.w3c.W3CHttpResponseCodec.createException(W3CHttpResponseCodec.java:200)
	at org.openqa.selenium.remote.codec.w3c.W3CHttpResponseCodec.decode(W3CHttpResponseCodec.java:133)
	at org.openqa.selenium.remote.codec.w3c.W3CHttpResponseCodec.decode(W3CHttpResponseCodec.java:53)
	at org.openqa.selenium.remote.HttpCommandExecutor.execute(HttpCommandExecutor.java:193)
	at org.openqa.selenium.remote.service.DriverCommandExecutor.invokeExecute(DriverCommandExecutor.java:183)
	at org.openqa.selenium.remote.service.DriverCommandExecutor.execute(DriverCommandExecutor.java:158)
	at org.openqa.selenium.remote.RemoteWebDriver.execute(RemoteWebDriver.java:543)
	at org.openqa.selenium.remote.RemoteWebDriver.get(RemoteWebDriver.java:297)
	at org.openqa.selenium.remote.RemoteWebDriver$RemoteNavigation.to(RemoteWebDriver.java:982)
	at com.codeborne.selenide.drivercommands.Navigator.lambda$navigateTo$0(Navigator.java:74)
	at com.codeborne.selenide.logevents.SelenideLogger.run(SelenideLogger.java:105)
	at com.codeborne.selenide.drivercommands.Navigator.navigateTo(Navigator.java:70)
	at com.codeborne.selenide.drivercommands.Navigator.open(Navigator.java:32)
	at com.codeborne.selenide.SelenideDriver.open(SelenideDriver.java:101)
	at com.codeborne.selenide.Selenide.open(Selenide.java:53)
	at steps.SharedStepsDefinition.i_open_something_page(SharedStepsDefinition.java:34)
	at ✽.I open "Automation practice" page(file:///Users/filip/IntelliJ%20projects/RahulUdemy/src/test/java/features/AutomationPracticePageTests.feature:10)

testRunners.CucumberTestNGRunner.runScenario["Find element in element", "AutomationPractice page tests"](3)  Time elapsed: 30.132 s  <<< FAILURE!
org.openqa.selenium.TimeoutException: 
Build info: version: '4.8.3', revision: 'e5e76298c3'
System info: os.name: 'Mac OS X', os.arch: 'aarch64', os.version: '13.1', java.version: '18.0.2'
Driver info: org.openqa.selenium.safari.SafariDriver
Command: [79D26E15-EF24-4905-A1C5-A5623F0226FD, get {url=https://rahulshettyacademy.com/AutomationPractice/}]
selenide.url: https://rahulshettyacademy.com/AutomationPractice/
Capabilities {acceptInsecureCerts: false, browserName: Safari, browserVersion: 16.2, pageLoadStrategy: normal, platformName: MAC, safari:automaticInspection: false, safari:automaticProfiling: false, safari:diagnose: false, safari:platformBuildVersion: 22C65, safari:platformVersion: 13.1, safari:useSimulator: false, setWindowRect: true, strictFileInteractability: false, unhandledPromptBehavior: accept, webkit:WebRTC: {DisableICECandidateFiltering: false, DisableInsecureMediaCapture: false}}
selenide.baseUrl: https://rahulshettyacademy.com
Session ID: 79D26E15-EF24-4905-A1C5-A5623F0226FD
	at java.base/jdk.internal.reflect.DirectConstructorHandleAccessor.newInstance(DirectConstructorHandleAccessor.java:67)
	at java.base/java.lang.reflect.Constructor.newInstanceWithCaller(Constructor.java:499)
	at java.base/java.lang.reflect.Constructor.newInstance(Constructor.java:483)
	at org.openqa.selenium.remote.codec.w3c.W3CHttpResponseCodec.createException(W3CHttpResponseCodec.java:200)
	at org.openqa.selenium.remote.codec.w3c.W3CHttpResponseCodec.decode(W3CHttpResponseCodec.java:133)
	at org.openqa.selenium.remote.codec.w3c.W3CHttpResponseCodec.decode(W3CHttpResponseCodec.java:53)
	at org.openqa.selenium.remote.HttpCommandExecutor.execute(HttpCommandExecutor.java:193)
	at org.openqa.selenium.remote.service.DriverCommandExecutor.invokeExecute(DriverCommandExecutor.java:183)
	at org.openqa.selenium.remote.service.DriverCommandExecutor.execute(DriverCommandExecutor.java:158)
	at org.openqa.selenium.remote.RemoteWebDriver.execute(RemoteWebDriver.java:543)
	at org.openqa.selenium.remote.RemoteWebDriver.get(RemoteWebDriver.java:297)
	at org.openqa.selenium.remote.RemoteWebDriver$RemoteNavigation.to(RemoteWebDriver.java:982)
	at com.codeborne.selenide.drivercommands.Navigator.lambda$navigateTo$0(Navigator.java:74)
	at com.codeborne.selenide.logevents.SelenideLogger.run(SelenideLogger.java:105)
	at com.codeborne.selenide.drivercommands.Navigator.navigateTo(Navigator.java:70)
	at com.codeborne.selenide.drivercommands.Navigator.open(Navigator.java:32)
	at com.codeborne.selenide.SelenideDriver.open(SelenideDriver.java:101)
	at com.codeborne.selenide.Selenide.open(Selenide.java:53)
	at steps.SharedStepsDefinition.i_open_something_page(SharedStepsDefinition.java:34)
	at ✽.I open "Automation practice" page(file:///Users/filip/IntelliJ%20projects/RahulUdemy/src/test/java/features/AutomationPracticePageTests.feature:17)

testRunners.CucumberTestNGRunner.runScenario["Get titles of the opened tabs", "AutomationPractice page tests"](4)  Time elapsed: 30.154 s  <<< FAILURE!
org.openqa.selenium.TimeoutException: 
Build info: version: '4.8.3', revision: 'e5e76298c3'
System info: os.name: 'Mac OS X', os.arch: 'aarch64', os.version: '13.1', java.version: '18.0.2'
Driver info: org.openqa.selenium.safari.SafariDriver
Command: [79D26E15-EF24-4905-A1C5-A5623F0226FD, get {url=https://rahulshettyacademy.com/AutomationPractice/}]
selenide.url: https://rahulshettyacademy.com/AutomationPractice/
Capabilities {acceptInsecureCerts: false, browserName: Safari, browserVersion: 16.2, pageLoadStrategy: normal, platformName: MAC, safari:automaticInspection: false, safari:automaticProfiling: false, safari:diagnose: false, safari:platformBuildVersion: 22C65, safari:platformVersion: 13.1, safari:useSimulator: false, setWindowRect: true, strictFileInteractability: false, unhandledPromptBehavior: accept, webkit:WebRTC: {DisableICECandidateFiltering: false, DisableInsecureMediaCapture: false}}
selenide.baseUrl: https://rahulshettyacademy.com
Session ID: 79D26E15-EF24-4905-A1C5-A5623F0226FD
	at java.base/jdk.internal.reflect.DirectConstructorHandleAccessor.newInstance(DirectConstructorHandleAccessor.java:67)
	at java.base/java.lang.reflect.Constructor.newInstanceWithCaller(Constructor.java:499)
	at java.base/java.lang.reflect.Constructor.newInstance(Constructor.java:483)
	at org.openqa.selenium.remote.codec.w3c.W3CHttpResponseCodec.createException(W3CHttpResponseCodec.java:200)
	at org.openqa.selenium.remote.codec.w3c.W3CHttpResponseCodec.decode(W3CHttpResponseCodec.java:133)
	at org.openqa.selenium.remote.codec.w3c.W3CHttpResponseCodec.decode(W3CHttpResponseCodec.java:53)
	at org.openqa.selenium.remote.HttpCommandExecutor.execute(HttpCommandExecutor.java:193)
	at org.openqa.selenium.remote.service.DriverCommandExecutor.invokeExecute(DriverCommandExecutor.java:183)
	at org.openqa.selenium.remote.service.DriverCommandExecutor.execute(DriverCommandExecutor.java:158)
	at org.openqa.selenium.remote.RemoteWebDriver.execute(RemoteWebDriver.java:543)
	at org.openqa.selenium.remote.RemoteWebDriver.get(RemoteWebDriver.java:297)
	at org.openqa.selenium.remote.RemoteWebDriver$RemoteNavigation.to(RemoteWebDriver.java:982)
	at com.codeborne.selenide.drivercommands.Navigator.lambda$navigateTo$0(Navigator.java:74)
	at com.codeborne.selenide.logevents.SelenideLogger.run(SelenideLogger.java:105)
	at com.codeborne.selenide.drivercommands.Navigator.navigateTo(Navigator.java:70)
	at com.codeborne.selenide.drivercommands.Navigator.open(Navigator.java:32)
	at com.codeborne.selenide.SelenideDriver.open(SelenideDriver.java:101)
	at com.codeborne.selenide.Selenide.open(Selenide.java:53)
	at steps.SharedStepsDefinition.i_open_something_page(SharedStepsDefinition.java:34)
	at ✽.I open "Automation practice" page(file:///Users/filip/IntelliJ%20projects/RahulUdemy/src/test/java/features/AutomationPracticePageTests.feature:23)

testRunners.CucumberTestNGRunner.runScenario["Check response codes of all prelinks in footer", "AutomationPractice page tests"](6)  Time elapsed: 18.384 s  <<< FAILURE!
java.lang.AssertionError: 
The following asserts failed:
	Link REST APIGcv has response code 301 expected [true] but found [false],
	Link Broken Linkerj has response code 404 expected [true] but found [false]
	at org.testng.asserts.SoftAssert.assertAll(SoftAssert.java:46)
	at org.testng.asserts.SoftAssert.assertAll(SoftAssert.java:30)
	at steps.AutomationPracticeStepDefinition.i_check_http_code_should_be_something(AutomationPracticeStepDefinition.java:166)
	at ✽.I check HTTP codes should be "200"(file:///Users/filip/IntelliJ%20projects/RahulUdemy/src/test/java/features/AutomationPracticePageTests.feature:42)

