<?xml version="1.0" encoding="UTF-8"?>
<testsuite xmlns:xsi="http://www.w3.org/2001/XMLSchema-instance" xsi:noNamespaceSchemaLocation="https://maven.apache.org/surefire/maven-surefire-plugin/xsd/surefire-test-report-3.0.xsd" version="3.0" name="TestSuite" time="139.077" tests="6" errors="0" skipped="0" failures="4">
  <properties>
[...]
</properties>
  <testcase name="runScenario[&quot;Accept alert&quot;, &quot;AutomationPractice page tests&quot;](1)" classname="testRunners.CucumberTestNGRunner" time="7.142">
    <system-out><![CDATA[
@Smoke
Scenario: Accept alert                    # src/test/java/features/AutomationPracticePageTests.feature:3
  Given I open "Automation practice" page # steps.SharedStepsDefinition.i_open_something_page(java.lang.String)
  When I type "Filip" into "Name" field   # steps.AutomationPracticeStepDefinition.i_type_something_into_something_field(java.lang.String,java.lang.String)
  And I click on "Alert" button           # steps.SharedStepsDefinition.i_click_on_something_button(java.lang.String)
  Then I click on "Accept" in alert       # steps.AutomationPracticeStepDefinition.i_click_on_something_in_alert(java.lang.String)
]]></system-out>
    <system-err><![CDATA[SLF4J: No SLF4J providers were found.
SLF4J: Defaulting to no-operation (NOP) logger implementation
SLF4J: See https://www.slf4j.org/codes.html#noProviders for further details.
]]></system-err>
  </testcase>
  <testcase name="runScenario[&quot;Dismiss alert&quot;, &quot;AutomationPractice page tests&quot;](2)" classname="testRunners.CucumberTestNGRunner" time="30.19">
    <failure message="Build info: version: &apos;4.8.3&apos;, revision: &apos;e5e76298c3&apos;&#10;System info: os.name: &apos;Mac OS X&apos;, os.arch: &apos;aarch64&apos;, os.version: &apos;13.1&apos;, java.version: &apos;18.0.2&apos;&#10;Driver info: org.openqa.selenium.safari.SafariDriver&#10;Command: [79D26E15-EF24-4905-A1C5-A5623F0226FD, get {url=https://rahulshettyacademy.com/AutomationPractice/}]&#10;selenide.url: https://rahulshettyacademy.com/AutomationPractice/&#10;Capabilities {acceptInsecureCerts: false, browserName: Safari, browserVersion: 16.2, pageLoadStrategy: normal, platformName: MAC, safari:automaticInspection: false, safari:automaticProfiling: false, safari:diagnose: false, safari:platformBuildVersion: 22C65, safari:platformVersion: 13.1, safari:useSimulator: false, setWindowRect: true, strictFileInteractability: false, unhandledPromptBehavior: accept, webkit:WebRTC: {DisableICECandidateFiltering: false, DisableInsecureMediaCapture: false}}&#10;selenide.baseUrl: https://rahulshettyacademy.com&#10;Session ID: 79D26E15-EF24-4905-A1C5-A5623F0226FD" type="org.openqa.selenium.TimeoutException"><![CDATA[org.openqa.selenium.TimeoutException: 
Build info: version: '4.8.3', revision: 'e5e76298c3'
System info: os.name: 'Mac OS X', os.arch: 'aarch64', os.version: '13.1', java.version: '18.0.2'
Driver info: org.openqa.selenium.safari.SafariDriver
Command: [79D26E15-EF24-4905-A1C5-A5623F0226FD, get {url=https://rahulshettyacademy.com/AutomationPractice/}]
selenide.url: https://rahulshettyacademy.com/AutomationPractice/
Capabilities {acceptInsecureCerts: false, browserName: Safari, browserVersion: 16.2, pageLoadStrategy: normal, platformName: MAC, safari:automaticInspection: false, safari:automaticProfiling: false, safari:diagnose: false, safari:platformBuildVersion: 22C65, safari:platformVersion: 13.1, safari:useSimulator: false, setWindowRect: true, strictFileInteractability: false, unhandledPromptBehavior: accept, webkit:WebRTC: {DisableICECandidateFiltering: false, DisableInsecureMediaCapture: false}}
selenide.baseUrl: https://rahulshettyacademy.com
Session ID: 79D26E15-EF24-4905-A1C5-A5623F0226FD
	at java.base/jdk.internal.reflect.DirectConstructorHandleAccessor.newInstance(DirectConstructorHandleAccessor.java:67)
	at java.base/java.lang.reflect.Constructor.newInstanceWithCaller(Constructor.java:499)
	at java.base/java.lang.reflect.Constructor.newInstance(Constructor.java:483)
	at org.openqa.selenium.remote.codec.w3c.W3CHttpResponseCodec.createException(W3CHttpResponseCodec.java:200)
	at org.openqa.selenium.remote.codec.w3c.W3CHttpResponseCodec.decode(W3CHttpResponseCodec.java:133)
	at org.openqa.selenium.remote.codec.w3c.W3CHttpResponseCodec.decode(W3CHttpResponseCodec.java:53)
	at org.openqa.selenium.remote.HttpCommandExecutor.execute(HttpCommandExecutor.java:193)
	at org.openqa.selenium.remote.service.DriverCommandExecutor.invokeExecute(DriverCommandExecutor.java:183)
	at org.openqa.selenium.remote.service.DriverCommandExecutor.execute(DriverCommandExecutor.java:158)
	at org.openqa.selenium.remote.RemoteWebDriver.execute(RemoteWebDriver.java:543)
	at org.openqa.selenium.remote.RemoteWebDriver.get(RemoteWebDriver.java:297)
	at org.openqa.selenium.remote.RemoteWebDriver$RemoteNavigation.to(RemoteWebDriver.java:982)
	at com.codeborne.selenide.drivercommands.Navigator.lambda$navigateTo$0(Navigator.java:74)
	at com.codeborne.selenide.logevents.SelenideLogger.run(SelenideLogger.java:105)
	at com.codeborne.selenide.drivercommands.Navigator.navigateTo(Navigator.java:70)
	at com.codeborne.selenide.drivercommands.Navigator.open(Navigator.java:32)
	at com.codeborne.selenide.SelenideDriver.open(SelenideDriver.java:101)
	at com.codeborne.selenide.Selenide.open(Selenide.java:53)
	at steps.SharedStepsDefinition.i_open_something_page(SharedStepsDefinition.java:34)
	at ✽.I open "Automation practice" page(file:///Users/filip/IntelliJ%20projects/RahulUdemy/src/test/java/features/AutomationPracticePageTests.feature:10)
]]></failure>
    <system-out><![CDATA[
@Smoke
Scenario: Dismiss alert                   # src/test/java/features/AutomationPracticePageTests.feature:9
  Given I open "Automation practice" page # steps.SharedStepsDefinition.i_open_something_page(java.lang.String)
      org.openqa.selenium.TimeoutException: Build info: version: '4.8.3', revision: 'e5e76298c3'
System info: os.name: 'Mac OS X', os.arch: 'aarch64', os.version: '13.1', java.version: '18.0.2'
Driver info: org.openqa.selenium.safari.SafariDriver
Command: [79D26E15-EF24-4905-A1C5-A5623F0226FD, get {url=https://rahulshettyacademy.com/AutomationPractice/}]
selenide.url: https://rahulshettyacademy.com/AutomationPractice/
Capabilities {acceptInsecureCerts: false, browserName: Safari, browserVersion: 16.2, pageLoadStrategy: normal, platformName: MAC, safari:automaticInspection: false, safari:automaticProfiling: false, safari:diagnose: false, safari:platformBuildVersion: 22C65, safari:platformVersion: 13.1, safari:useSimulator: false, setWindowRect: true, strictFileInteractability: false, unhandledPromptBehavior: accept, webkit:WebRTC: {DisableICECandidateFiltering: false, DisableInsecureMediaCapture: false}}
selenide.baseUrl: https://rahulshettyacademy.com
Session ID: 79D26E15-EF24-4905-A1C5-A5623F0226FD
	at java.base/jdk.internal.reflect.DirectConstructorHandleAccessor.newInstance(DirectConstructorHandleAccessor.java:67)
	at java.base/java.lang.reflect.Constructor.newInstanceWithCaller(Constructor.java:499)
	at java.base/java.lang.reflect.Constructor.newInstance(Constructor.java:483)
	at org.openqa.selenium.remote.codec.w3c.W3CHttpResponseCodec.createException(W3CHttpResponseCodec.java:200)
	at org.openqa.selenium.remote.codec.w3c.W3CHttpResponseCodec.decode(W3CHttpResponseCodec.java:133)
	at org.openqa.selenium.remote.codec.w3c.W3CHttpResponseCodec.decode(W3CHttpResponseCodec.java:53)
	at org.openqa.selenium.remote.HttpCommandExecutor.execute(HttpCommandExecutor.java:193)
	at org.openqa.selenium.remote.service.DriverCommandExecutor.invokeExecute(DriverCommandExecutor.java:183)
	at org.openqa.selenium.remote.service.DriverCommandExecutor.execute(DriverCommandExecutor.java:158)
	at org.openqa.selenium.remote.RemoteWebDriver.execute(RemoteWebDriver.java:543)
	at org.openqa.selenium.remote.RemoteWebDriver.get(RemoteWebDriver.java:297)
	at org.openqa.selenium.remote.RemoteWebDriver$RemoteNavigation.to(RemoteWebDriver.java:982)
	at com.codeborne.selenide.drivercommands.Navigator.lambda$navigateTo$0(Navigator.java:74)
	at com.codeborne.selenide.logevents.SelenideLogger.run(SelenideLogger.java:105)
	at com.codeborne.selenide.drivercommands.Navigator.navigateTo(Navigator.java:70)
	at com.codeborne.selenide.drivercommands.Navigator.open(Navigator.java:32)
	at com.codeborne.selenide.SelenideDriver.open(SelenideDriver.java:101)
	at com.codeborne.selenide.Selenide.open(Selenide.java:53)
	at steps.SharedStepsDefinition.i_open_something_page(SharedStepsDefinition.java:34)
	at ✽.I open "Automation practice" page(file:///Users/filip/IntelliJ%20projects/RahulUdemy/src/test/java/features/AutomationPracticePageTests.feature:10)


    Embedding failedStepScreenshot [image/png 255512 bytes]

  When I type "Filip" into "Name" field   # steps.AutomationPracticeStepDefinition.i_type_something_into_something_field(java.lang.String,java.lang.String)
  And I click on "Confirm" button         # steps.SharedStepsDefinition.i_click_on_something_button(java.lang.String)
  Then I click on "Dismiss" in alert      # steps.AutomationPracticeStepDefinition.i_click_on_something_in_alert(java.lang.String)
]]></system-out>
    <system-err><![CDATA[apr 07, 2023 1:13:22 PM org.openqa.selenium.remote.ErrorCodes toStatus
INFO: HTTP Status: '408' -> incorrect JSON status mapping for 'timeout' (500 expected)
]]></system-err>
  </testcase>
  <testcase name="runScenario[&quot;Find element in element&quot;, &quot;AutomationPractice page tests&quot;](3)" classname="testRunners.CucumberTestNGRunner" time="30.132">
    <failure message="Build info: version: &apos;4.8.3&apos;, revision: &apos;e5e76298c3&apos;&#10;System info: os.name: &apos;Mac OS X&apos;, os.arch: &apos;aarch64&apos;, os.version: &apos;13.1&apos;, java.version: &apos;18.0.2&apos;&#10;Driver info: org.openqa.selenium.safari.SafariDriver&#10;Command: [79D26E15-EF24-4905-A1C5-A5623F0226FD, get {url=https://rahulshettyacademy.com/AutomationPractice/}]&#10;selenide.url: https://rahulshettyacademy.com/AutomationPractice/&#10;Capabilities {acceptInsecureCerts: false, browserName: Safari, browserVersion: 16.2, pageLoadStrategy: normal, platformName: MAC, safari:automaticInspection: false, safari:automaticProfiling: false, safari:diagnose: false, safari:platformBuildVersion: 22C65, safari:platformVersion: 13.1, safari:useSimulator: false, setWindowRect: true, strictFileInteractability: false, unhandledPromptBehavior: accept, webkit:WebRTC: {DisableICECandidateFiltering: false, DisableInsecureMediaCapture: false}}&#10;selenide.baseUrl: https://rahulshettyacademy.com&#10;Session ID: 79D26E15-EF24-4905-A1C5-A5623F0226FD" type="org.openqa.selenium.TimeoutException"><![CDATA[org.openqa.selenium.TimeoutException: 
Build info: version: '4.8.3', revision: 'e5e76298c3'
System info: os.name: 'Mac OS X', os.arch: 'aarch64', os.version: '13.1', java.version: '18.0.2'
Driver info: org.openqa.selenium.safari.SafariDriver
Command: [79D26E15-EF24-4905-A1C5-A5623F0226FD, get {url=https://rahulshettyacademy.com/AutomationPractice/}]
selenide.url: https://rahulshettyacademy.com/AutomationPractice/
Capabilities {acceptInsecureCerts: false, browserName: Safari, browserVersion: 16.2, pageLoadStrategy: normal, platformName: MAC, safari:automaticInspection: false, safari:automaticProfiling: false, safari:diagnose: false, safari:platformBuildVersion: 22C65, safari:platformVersion: 13.1, safari:useSimulator: false, setWindowRect: true, strictFileInteractability: false, unhandledPromptBehavior: accept, webkit:WebRTC: {DisableICECandidateFiltering: false, DisableInsecureMediaCapture: false}}
selenide.baseUrl: https://rahulshettyacademy.com
Session ID: 79D26E15-EF24-4905-A1C5-A5623F0226FD
	at java.base/jdk.internal.reflect.DirectConstructorHandleAccessor.newInstance(DirectConstructorHandleAccessor.java:67)
	at java.base/java.lang.reflect.Constructor.newInstanceWithCaller(Constructor.java:499)
	at java.base/java.lang.reflect.Constructor.newInstance(Constructor.java:483)
	at org.openqa.selenium.remote.codec.w3c.W3CHttpResponseCodec.createException(W3CHttpResponseCodec.java:200)
	at org.openqa.selenium.remote.codec.w3c.W3CHttpResponseCodec.decode(W3CHttpResponseCodec.java:133)
	at org.openqa.selenium.remote.codec.w3c.W3CHttpResponseCodec.decode(W3CHttpResponseCodec.java:53)
	at org.openqa.selenium.remote.HttpCommandExecutor.execute(HttpCommandExecutor.java:193)
	at org.openqa.selenium.remote.service.DriverCommandExecutor.invokeExecute(DriverCommandExecutor.java:183)
	at org.openqa.selenium.remote.service.DriverCommandExecutor.execute(DriverCommandExecutor.java:158)
	at org.openqa.selenium.remote.RemoteWebDriver.execute(RemoteWebDriver.java:543)
	at org.openqa.selenium.remote.RemoteWebDriver.get(RemoteWebDriver.java:297)
	at org.openqa.selenium.remote.RemoteWebDriver$RemoteNavigation.to(RemoteWebDriver.java:982)
	at com.codeborne.selenide.drivercommands.Navigator.lambda$navigateTo$0(Navigator.java:74)
	at com.codeborne.selenide.logevents.SelenideLogger.run(SelenideLogger.java:105)
	at com.codeborne.selenide.drivercommands.Navigator.navigateTo(Navigator.java:70)
	at com.codeborne.selenide.drivercommands.Navigator.open(Navigator.java:32)
	at com.codeborne.selenide.SelenideDriver.open(SelenideDriver.java:101)
	at com.codeborne.selenide.Selenide.open(Selenide.java:53)
	at steps.SharedStepsDefinition.i_open_something_page(SharedStepsDefinition.java:34)
	at ✽.I open "Automation practice" page(file:///Users/filip/IntelliJ%20projects/RahulUdemy/src/test/java/features/AutomationPracticePageTests.feature:17)
]]></failure>
    <system-out><![CDATA[
@Smoke
Scenario: Find element in element         # src/test/java/features/AutomationPracticePageTests.feature:16
  Given I open "Automation practice" page # steps.SharedStepsDefinition.i_open_something_page(java.lang.String)
      org.openqa.selenium.TimeoutException: Build info: version: '4.8.3', revision: 'e5e76298c3'
System info: os.name: 'Mac OS X', os.arch: 'aarch64', os.version: '13.1', java.version: '18.0.2'
Driver info: org.openqa.selenium.safari.SafariDriver
Command: [79D26E15-EF24-4905-A1C5-A5623F0226FD, get {url=https://rahulshettyacademy.com/AutomationPractice/}]
selenide.url: https://rahulshettyacademy.com/AutomationPractice/
Capabilities {acceptInsecureCerts: false, browserName: Safari, browserVersion: 16.2, pageLoadStrategy: normal, platformName: MAC, safari:automaticInspection: false, safari:automaticProfiling: false, safari:diagnose: false, safari:platformBuildVersion: 22C65, safari:platformVersion: 13.1, safari:useSimulator: false, setWindowRect: true, strictFileInteractability: false, unhandledPromptBehavior: accept, webkit:WebRTC: {DisableICECandidateFiltering: false, DisableInsecureMediaCapture: false}}
selenide.baseUrl: https://rahulshettyacademy.com
Session ID: 79D26E15-EF24-4905-A1C5-A5623F0226FD
	at java.base/jdk.internal.reflect.DirectConstructorHandleAccessor.newInstance(DirectConstructorHandleAccessor.java:67)
	at java.base/java.lang.reflect.Constructor.newInstanceWithCaller(Constructor.java:499)
	at java.base/java.lang.reflect.Constructor.newInstance(Constructor.java:483)
	at org.openqa.selenium.remote.codec.w3c.W3CHttpResponseCodec.createException(W3CHttpResponseCodec.java:200)
	at org.openqa.selenium.remote.codec.w3c.W3CHttpResponseCodec.decode(W3CHttpResponseCodec.java:133)
	at org.openqa.selenium.remote.codec.w3c.W3CHttpResponseCodec.decode(W3CHttpResponseCodec.java:53)
	at org.openqa.selenium.remote.HttpCommandExecutor.execute(HttpCommandExecutor.java:193)
	at org.openqa.selenium.remote.service.DriverCommandExecutor.invokeExecute(DriverCommandExecutor.java:183)
	at org.openqa.selenium.remote.service.DriverCommandExecutor.execute(DriverCommandExecutor.java:158)
	at org.openqa.selenium.remote.RemoteWebDriver.execute(RemoteWebDriver.java:543)
	at org.openqa.selenium.remote.RemoteWebDriver.get(RemoteWebDriver.java:297)
	at org.openqa.selenium.remote.RemoteWebDriver$RemoteNavigation.to(RemoteWebDriver.java:982)
	at com.codeborne.selenide.drivercommands.Navigator.lambda$navigateTo$0(Navigator.java:74)
	at com.codeborne.selenide.logevents.SelenideLogger.run(SelenideLogger.java:105)
	at com.codeborne.selenide.drivercommands.Navigator.navigateTo(Navigator.java:70)
	at com.codeborne.selenide.drivercommands.Navigator.open(Navigator.java:32)
	at com.codeborne.selenide.SelenideDriver.open(SelenideDriver.java:101)
	at com.codeborne.selenide.Selenide.open(Selenide.java:53)
	at steps.SharedStepsDefinition.i_open_something_page(SharedStepsDefinition.java:34)
	at ✽.I open "Automation practice" page(file:///Users/filip/IntelliJ%20projects/RahulUdemy/src/test/java/features/AutomationPracticePageTests.feature:17)


    Embedding failedStepScreenshot [image/png 255626 bytes]

  When I scroll to the end of page        # steps.AutomationPracticeStepDefinition.i_scroll_to_the_end_of_page()
  Then I open "Soapui" prelink in new tab # steps.AutomationPracticeStepDefinition.i_open_something_prelink_in_new_tab(java.lang.String)
  Then I close browser                    # steps.SharedStepsDefinition.i_close_browser()
]]></system-out>
    <system-err><![CDATA[apr 07, 2023 1:13:52 PM org.openqa.selenium.remote.ErrorCodes toStatus
INFO: HTTP Status: '408' -> incorrect JSON status mapping for 'timeout' (500 expected)
]]></system-err>
  </testcase>
  <testcase name="runScenario[&quot;Get titles of the opened tabs&quot;, &quot;AutomationPractice page tests&quot;](4)" classname="testRunners.CucumberTestNGRunner" time="30.154">
    <failure message="Build info: version: &apos;4.8.3&apos;, revision: &apos;e5e76298c3&apos;&#10;System info: os.name: &apos;Mac OS X&apos;, os.arch: &apos;aarch64&apos;, os.version: &apos;13.1&apos;, java.version: &apos;18.0.2&apos;&#10;Driver info: org.openqa.selenium.safari.SafariDriver&#10;Command: [79D26E15-EF24-4905-A1C5-A5623F0226FD, get {url=https://rahulshettyacademy.com/AutomationPractice/}]&#10;selenide.url: https://rahulshettyacademy.com/AutomationPractice/&#10;Capabilities {acceptInsecureCerts: false, browserName: Safari, browserVersion: 16.2, pageLoadStrategy: normal, platformName: MAC, safari:automaticInspection: false, safari:automaticProfiling: false, safari:diagnose: false, safari:platformBuildVersion: 22C65, safari:platformVersion: 13.1, safari:useSimulator: false, setWindowRect: true, strictFileInteractability: false, unhandledPromptBehavior: accept, webkit:WebRTC: {DisableICECandidateFiltering: false, DisableInsecureMediaCapture: false}}&#10;selenide.baseUrl: https://rahulshettyacademy.com&#10;Session ID: 79D26E15-EF24-4905-A1C5-A5623F0226FD" type="org.openqa.selenium.TimeoutException"><![CDATA[org.openqa.selenium.TimeoutException: 
Build info: version: '4.8.3', revision: 'e5e76298c3'
System info: os.name: 'Mac OS X', os.arch: 'aarch64', os.version: '13.1', java.version: '18.0.2'
Driver info: org.openqa.selenium.safari.SafariDriver
Command: [79D26E15-EF24-4905-A1C5-A5623F0226FD, get {url=https://rahulshettyacademy.com/AutomationPractice/}]
selenide.url: https://rahulshettyacademy.com/AutomationPractice/
Capabilities {acceptInsecureCerts: false, browserName: Safari, browserVersion: 16.2, pageLoadStrategy: normal, platformName: MAC, safari:automaticInspection: false, safari:automaticProfiling: false, safari:diagnose: false, safari:platformBuildVersion: 22C65, safari:platformVersion: 13.1, safari:useSimulator: false, setWindowRect: true, strictFileInteractability: false, unhandledPromptBehavior: accept, webkit:WebRTC: {DisableICECandidateFiltering: false, DisableInsecureMediaCapture: false}}
selenide.baseUrl: https://rahulshettyacademy.com
Session ID: 79D26E15-EF24-4905-A1C5-A5623F0226FD
	at java.base/jdk.internal.reflect.DirectConstructorHandleAccessor.newInstance(DirectConstructorHandleAccessor.java:67)
	at java.base/java.lang.reflect.Constructor.newInstanceWithCaller(Constructor.java:499)
	at java.base/java.lang.reflect.Constructor.newInstance(Constructor.java:483)
	at org.openqa.selenium.remote.codec.w3c.W3CHttpResponseCodec.createException(W3CHttpResponseCodec.java:200)
	at org.openqa.selenium.remote.codec.w3c.W3CHttpResponseCodec.decode(W3CHttpResponseCodec.java:133)
	at org.openqa.selenium.remote.codec.w3c.W3CHttpResponseCodec.decode(W3CHttpResponseCodec.java:53)
	at org.openqa.selenium.remote.HttpCommandExecutor.execute(HttpCommandExecutor.java:193)
	at org.openqa.selenium.remote.service.DriverCommandExecutor.invokeExecute(DriverCommandExecutor.java:183)
	at org.openqa.selenium.remote.service.DriverCommandExecutor.execute(DriverCommandExecutor.java:158)
	at org.openqa.selenium.remote.RemoteWebDriver.execute(RemoteWebDriver.java:543)
	at org.openqa.selenium.remote.RemoteWebDriver.get(RemoteWebDriver.java:297)
	at org.openqa.selenium.remote.RemoteWebDriver$RemoteNavigation.to(RemoteWebDriver.java:982)
	at com.codeborne.selenide.drivercommands.Navigator.lambda$navigateTo$0(Navigator.java:74)
	at com.codeborne.selenide.logevents.SelenideLogger.run(SelenideLogger.java:105)
	at com.codeborne.selenide.drivercommands.Navigator.navigateTo(Navigator.java:70)
	at com.codeborne.selenide.drivercommands.Navigator.open(Navigator.java:32)
	at com.codeborne.selenide.SelenideDriver.open(SelenideDriver.java:101)
	at com.codeborne.selenide.Selenide.open(Selenide.java:53)
	at steps.SharedStepsDefinition.i_open_something_page(SharedStepsDefinition.java:34)
	at ✽.I open "Automation practice" page(file:///Users/filip/IntelliJ%20projects/RahulUdemy/src/test/java/features/AutomationPracticePageTests.feature:23)
]]></failure>
    <system-out><![CDATA[
@Smoke
Scenario: Get titles of the opened tabs                                                                                                                                                        # src/test/java/features/AutomationPracticePageTests.feature:22
  Given I open "Automation practice" page                                                                                                                                                      # steps.SharedStepsDefinition.i_open_something_page(java.lang.String)
      org.openqa.selenium.TimeoutException: Build info: version: '4.8.3', revision: 'e5e76298c3'
System info: os.name: 'Mac OS X', os.arch: 'aarch64', os.version: '13.1', java.version: '18.0.2'
Driver info: org.openqa.selenium.safari.SafariDriver
Command: [79D26E15-EF24-4905-A1C5-A5623F0226FD, get {url=https://rahulshettyacademy.com/AutomationPractice/}]
selenide.url: https://rahulshettyacademy.com/AutomationPractice/
Capabilities {acceptInsecureCerts: false, browserName: Safari, browserVersion: 16.2, pageLoadStrategy: normal, platformName: MAC, safari:automaticInspection: false, safari:automaticProfiling: false, safari:diagnose: false, safari:platformBuildVersion: 22C65, safari:platformVersion: 13.1, safari:useSimulator: false, setWindowRect: true, strictFileInteractability: false, unhandledPromptBehavior: accept, webkit:WebRTC: {DisableICECandidateFiltering: false, DisableInsecureMediaCapture: false}}
selenide.baseUrl: https://rahulshettyacademy.com
Session ID: 79D26E15-EF24-4905-A1C5-A5623F0226FD
	at java.base/jdk.internal.reflect.DirectConstructorHandleAccessor.newInstance(DirectConstructorHandleAccessor.java:67)
	at java.base/java.lang.reflect.Constructor.newInstanceWithCaller(Constructor.java:499)
	at java.base/java.lang.reflect.Constructor.newInstance(Constructor.java:483)
	at org.openqa.selenium.remote.codec.w3c.W3CHttpResponseCodec.createException(W3CHttpResponseCodec.java:200)
	at org.openqa.selenium.remote.codec.w3c.W3CHttpResponseCodec.decode(W3CHttpResponseCodec.java:133)
	at org.openqa.selenium.remote.codec.w3c.W3CHttpResponseCodec.decode(W3CHttpResponseCodec.java:53)
	at org.openqa.selenium.remote.HttpCommandExecutor.execute(HttpCommandExecutor.java:193)
	at org.openqa.selenium.remote.service.DriverCommandExecutor.invokeExecute(DriverCommandExecutor.java:183)
	at org.openqa.selenium.remote.service.DriverCommandExecutor.execute(DriverCommandExecutor.java:158)
	at org.openqa.selenium.remote.RemoteWebDriver.execute(RemoteWebDriver.java:543)
	at org.openqa.selenium.remote.RemoteWebDriver.get(RemoteWebDriver.java:297)
	at org.openqa.selenium.remote.RemoteWebDriver$RemoteNavigation.to(RemoteWebDriver.java:982)
	at com.codeborne.selenide.drivercommands.Navigator.lambda$navigateTo$0(Navigator.java:74)
	at com.codeborne.selenide.logevents.SelenideLogger.run(SelenideLogger.java:105)
	at com.codeborne.selenide.drivercommands.Navigator.navigateTo(Navigator.java:70)
	at com.codeborne.selenide.drivercommands.Navigator.open(Navigator.java:32)
	at com.codeborne.selenide.SelenideDriver.open(SelenideDriver.java:101)
	at com.codeborne.selenide.Selenide.open(Selenide.java:53)
	at steps.SharedStepsDefinition.i_open_something_page(SharedStepsDefinition.java:34)
	at ✽.I open "Automation practice" page(file:///Users/filip/IntelliJ%20projects/RahulUdemy/src/test/java/features/AutomationPracticePageTests.feature:23)


    Embedding failedStepScreenshot [image/png 256029 bytes]

  When I scroll to the end of page                                                                                                                                                             # steps.AutomationPracticeStepDefinition.i_scroll_to_the_end_of_page()
  Then I open "Soapui" prelink in new tab                                                                                                                                                      # steps.AutomationPracticeStepDefinition.i_open_something_prelink_in_new_tab(java.lang.String)
  Then I open "Appium" prelink in new tab                                                                                                                                                      # steps.AutomationPracticeStepDefinition.i_open_something_prelink_in_new_tab(java.lang.String)
  And I get title of every opened tab                                                                                                                                                          # steps.AutomationPracticeStepDefinition.i_get_title_of_every_opened_tab()
  Then I see tabs should have title "Practice page" And "appium mobile automation testing from scratch + frameworks tutorial | udemy" And "the world's most popular api testing tool | soapui" # steps.AutomationPracticeStepDefinition.i_see_tabs_should_have_title_something_and_something_and_something(java.lang.String,java.lang.String,java.lang.String)
]]></system-out>
    <system-err><![CDATA[apr 07, 2023 1:14:22 PM org.openqa.selenium.remote.ErrorCodes toStatus
INFO: HTTP Status: '408' -> incorrect JSON status mapping for 'timeout' (500 expected)
]]></system-err>
  </testcase>
  <testcase name="runScenario[&quot;Check response code of broken link&quot;, &quot;AutomationPractice page tests&quot;](5)" classname="testRunners.CucumberTestNGRunner" time="22.451">
    <system-out><![CDATA[
@Smoke
Scenario: Check response code of broken link            # src/test/java/features/AutomationPracticePageTests.feature:30
  Given I open "Automation practice" page               # steps.SharedStepsDefinition.i_open_something_page(java.lang.String)
  When I scroll to the end of page                      # steps.AutomationPracticeStepDefinition.i_scroll_to_the_end_of_page()
  Then I extract url from "Broken Link" prelink element # steps.AutomationPracticeStepDefinition.i_extract_url_from_something_prelink_element(java.lang.String)
  And I navigate to extracted url                       # steps.AutomationPracticeStepDefinition.i_navigate_to_extracted_url()
  Then I check HTTP code should be "404"                # steps.AutomationPracticeStepDefinition.i_check_http_code_should_be_something(int)
]]></system-out>
  </testcase>
  <testcase name="runScenario[&quot;Check response codes of all prelinks in footer&quot;, &quot;AutomationPractice page tests&quot;](6)" classname="testRunners.CucumberTestNGRunner" time="18.384">
    <failure message="The following asserts failed:&#10;	Link REST APIGcv has response code 301 expected [true] but found [false],&#10;	Link Broken Linkerj has response code 404 expected [true] but found [false]" type="java.lang.AssertionError"><![CDATA[java.lang.AssertionError: 
The following asserts failed:
	Link REST APIGcv has response code 301 expected [true] but found [false],
	Link Broken Linkerj has response code 404 expected [true] but found [false]
	at org.testng.asserts.SoftAssert.assertAll(SoftAssert.java:46)
	at org.testng.asserts.SoftAssert.assertAll(SoftAssert.java:30)
	at steps.AutomationPracticeStepDefinition.i_check_http_code_should_be_something(AutomationPracticeStepDefinition.java:166)
	at ✽.I check HTTP codes should be "200"(file:///Users/filip/IntelliJ%20projects/RahulUdemy/src/test/java/features/AutomationPracticePageTests.feature:42)
]]></failure>
    <system-out><![CDATA[
@Smoke
Scenario: Check response codes of all prelinks in footer # src/test/java/features/AutomationPracticePageTests.feature:37
  Given I open "Automation practice" page                # steps.SharedStepsDefinition.i_open_something_page(java.lang.String)
  When I scroll to the end of page                       # steps.AutomationPracticeStepDefinition.i_scroll_to_the_end_of_page()
  Then I extract urls from "All" prelink elements        # steps.AutomationPracticeStepDefinition.i_extract_url_from_something_prelink_element(java.lang.String)
  And I navigate to extracted urls                       # steps.AutomationPracticeStepDefinition.i_navigate_to_extracted_url()
  Then I check HTTP codes should be "200"                # steps.AutomationPracticeStepDefinition.i_check_http_code_should_be_something(int)
      java.lang.AssertionError: The following asserts failed:
	Link REST APIGcv has response code 301 expected [true] but found [false],
	Link Broken Linkerj has response code 404 expected [true] but found [false]
	at org.testng.asserts.SoftAssert.assertAll(SoftAssert.java:46)
	at org.testng.asserts.SoftAssert.assertAll(SoftAssert.java:30)
	at steps.AutomationPracticeStepDefinition.i_check_http_code_should_be_something(AutomationPracticeStepDefinition.java:166)
	at ✽.I check HTTP codes should be "200"(file:///Users/filip/IntelliJ%20projects/RahulUdemy/src/test/java/features/AutomationPracticePageTests.feature:42)


    Embedding failedStepScreenshot [image/png 253862 bytes]

]]></system-out>
  </testcase>
</testsuite>