<?xml version="1.0" encoding="UTF-8"?>
<testsuite xmlns:xsi="http://www.w3.org/2001/XMLSchema-instance" xsi:noNamespaceSchemaLocation="https://maven.apache.org/surefire/maven-surefire-plugin/xsd/surefire-test-report-3.0.xsd" version="3.0" name="TestSuite" time="0.753" tests="1" errors="0" skipped="0" failures="1">
  <properties>
[...]
</properties>
  <testcase name="runScenario[&quot;Select date from datepicker&quot;, &quot;Path2Usa Tests&quot;](1)" classname="testRunners.CucumberTestNGRunner" time="0.156">
    <failure message="Conflicting browser name: &apos;safari&apos; vs. &apos;chrome&apos;" type="java.lang.IllegalArgumentException"><![CDATA[java.lang.IllegalArgumentException: Conflicting browser name: 'safari' vs. 'chrome'
	at com.codeborne.selenide.webdriver.AbstractDriverFactory.verifyItsSameBrowser(AbstractDriverFactory.java:94)
	at com.codeborne.selenide.webdriver.AbstractDriverFactory.merge(AbstractDriverFactory.java:88)
	at com.codeborne.selenide.webdriver.AbstractDriverFactory.createCommonCapabilities(AbstractDriverFactory.java:81)
	at com.codeborne.selenide.webdriver.SafariDriverFactory.createCapabilities(SafariDriverFactory.java:50)
	at com.codeborne.selenide.webdriver.SafariDriverFactory.create(SafariDriverFactory.java:30)
	at com.codeborne.selenide.webdriver.WebDriverFactory.createWebDriverInstance(WebDriverFactory.java:119)
	at com.codeborne.selenide.webdriver.WebDriverFactory.createWebDriver(WebDriverFactory.java:67)
	at com.codeborne.selenide.drivercommands.CreateDriverCommand.lambda$createDriver$0(CreateDriverCommand.java:76)
	at com.codeborne.selenide.logevents.SelenideLogger.get(SelenideLogger.java:166)
	at com.codeborne.selenide.drivercommands.CreateDriverCommand.createDriver(CreateDriverCommand.java:52)
	at com.codeborne.selenide.impl.WebDriverThreadLocalContainer.createDriver(WebDriverThreadLocalContainer.java:180)
	at com.codeborne.selenide.impl.WebDriverThreadLocalContainer.getAndCheckWebDriver(WebDriverThreadLocalContainer.java:149)
	at com.codeborne.selenide.WebDriverRunner.getAndCheckWebDriver(WebDriverRunner.java:130)
	at com.codeborne.selenide.impl.StaticDriver.getAndCheckWebDriver(StaticDriver.java:65)
	at com.codeborne.selenide.SelenideDriver.getAndCheckWebDriver(SelenideDriver.java:220)
	at com.codeborne.selenide.drivercommands.Navigator.lambda$navigateTo$0(Navigator.java:72)
	at com.codeborne.selenide.logevents.SelenideLogger.run(SelenideLogger.java:153)
	at com.codeborne.selenide.drivercommands.Navigator.navigateTo(Navigator.java:70)
	at com.codeborne.selenide.drivercommands.Navigator.open(Navigator.java:32)
	at com.codeborne.selenide.SelenideDriver.open(SelenideDriver.java:101)
	at com.codeborne.selenide.Selenide.open(Selenide.java:52)
	at steps.SharedStepsDefinition.i_open_something_page(SharedStepsDefinition.java:44)
	at ✽.I open "Path2Usa" page(file:///Users/filip/IntelliJ%20projects/RahulUdemy/src/test/java/features/Path2UsaTests.feature:4)
]]></failure>
    <system-out><![CDATA[
Scenario: Select date from datepicker                                  # src/test/java/features/Path2UsaTests.feature:3
  Given I open "Path2Usa" page                                         # steps.SharedStepsDefinition.i_open_something_page(java.lang.String)
      java.lang.IllegalArgumentException: Conflicting browser name: 'safari' vs. 'chrome'
	at com.codeborne.selenide.webdriver.AbstractDriverFactory.verifyItsSameBrowser(AbstractDriverFactory.java:94)
	at com.codeborne.selenide.webdriver.AbstractDriverFactory.merge(AbstractDriverFactory.java:88)
	at com.codeborne.selenide.webdriver.AbstractDriverFactory.createCommonCapabilities(AbstractDriverFactory.java:81)
	at com.codeborne.selenide.webdriver.SafariDriverFactory.createCapabilities(SafariDriverFactory.java:50)
	at com.codeborne.selenide.webdriver.SafariDriverFactory.create(SafariDriverFactory.java:30)
	at com.codeborne.selenide.webdriver.WebDriverFactory.createWebDriverInstance(WebDriverFactory.java:119)
	at com.codeborne.selenide.webdriver.WebDriverFactory.createWebDriver(WebDriverFactory.java:67)
	at com.codeborne.selenide.drivercommands.CreateDriverCommand.lambda$createDriver$0(CreateDriverCommand.java:76)
	at com.codeborne.selenide.logevents.SelenideLogger.get(SelenideLogger.java:166)
	at com.codeborne.selenide.drivercommands.CreateDriverCommand.createDriver(CreateDriverCommand.java:52)
	at com.codeborne.selenide.impl.WebDriverThreadLocalContainer.createDriver(WebDriverThreadLocalContainer.java:180)
	at com.codeborne.selenide.impl.WebDriverThreadLocalContainer.getAndCheckWebDriver(WebDriverThreadLocalContainer.java:149)
	at com.codeborne.selenide.WebDriverRunner.getAndCheckWebDriver(WebDriverRunner.java:130)
	at com.codeborne.selenide.impl.StaticDriver.getAndCheckWebDriver(StaticDriver.java:65)
	at com.codeborne.selenide.SelenideDriver.getAndCheckWebDriver(SelenideDriver.java:220)
	at com.codeborne.selenide.drivercommands.Navigator.lambda$navigateTo$0(Navigator.java:72)
	at com.codeborne.selenide.logevents.SelenideLogger.run(SelenideLogger.java:153)
	at com.codeborne.selenide.drivercommands.Navigator.navigateTo(Navigator.java:70)
	at com.codeborne.selenide.drivercommands.Navigator.open(Navigator.java:32)
	at com.codeborne.selenide.SelenideDriver.open(SelenideDriver.java:101)
	at com.codeborne.selenide.Selenide.open(Selenide.java:52)
	at steps.SharedStepsDefinition.i_open_something_page(SharedStepsDefinition.java:44)
	at ✽.I open "Path2Usa" page(file:///Users/filip/IntelliJ%20projects/RahulUdemy/src/test/java/features/Path2UsaTests.feature:4)

      java.lang.NullPointerException: Cannot invoke "String.getBytes(java.nio.charset.Charset)" because "src" is null
	at java.base/java.util.Base64$Decoder.decode(Base64.java:589)
	at utilities.GenericUtils.takeScreenshot(GenericUtils.java:52)
	at hooks.Hooks.getScreenshotOnFailure(Hooks.java:38)

  When I click on "Date of travel" field                               # steps.Path2UsaStepsDefinition.i_click_on_something_field(java.lang.String)
  Then I see "Datepicker" element should be "visible" on Path2Usa page # steps.Path2UsaStepsDefinition.i_see_something_element_should_be_something_on_path2usa_page(java.lang.String,java.lang.String)
  And I select "2023" as a departure year on Path2Usa page             # steps.Path2UsaStepsDefinition.i_select_something_as_a_departure_year_on_path2usa_page(java.lang.String)
  And I select "September" as a departure month on Path2Usa page       # steps.Path2UsaStepsDefinition.i_select_something_as_a_departure_month_on_path2usa_page(java.lang.String)
  And I select "22" as a departure day                                 # steps.Path2UsaStepsDefinition.i_select_something_as_a_departure_day(java.lang.String)
  Then I see "Date of travel" field should have value "09/22/2023"     # steps.Path2UsaStepsDefinition.i_see_something_field_should_have_value_something(java.lang.String,java.lang.String)
]]></system-out>
    <system-err><![CDATA[SLF4J: No SLF4J providers were found.
SLF4J: Defaulting to no-operation (NOP) logger implementation
SLF4J: See https://www.slf4j.org/codes.html#noProviders for further details.
]]></system-err>
  </testcase>
</testsuite>