<?xml version="1.0" encoding="UTF-8"?>
<!-- Generated by org.testng.reporters.JUnitXMLReporter -->
<testsuite ignored="0" hostname="MBPuzivelaFilip" failures="1" tests="1" name="rahul selenium to selenide cucumber " time="0.59" errors="0" timestamp="2022-12-12T22:58:04 SEČ">
  <testcase classname="io.cucumber.testng.AbstractTestNGCucumberTests" name="runScenario" time="0.149">
    <failure type="java.lang.IllegalArgumentException" message="Conflicting browser name: &amp;apos;safari&amp;apos; vs. &amp;apos;chrome&amp;apos;">
      <![CDATA[java.lang.IllegalArgumentException: Conflicting browser name: 'safari' vs. 'chrome'
at com.codeborne.selenide.webdriver.AbstractDriverFactory.verifyItsSameBrowser(AbstractDriverFactory.java:94)
at com.codeborne.selenide.webdriver.AbstractDriverFactory.merge(AbstractDriverFactory.java:88)
at com.codeborne.selenide.webdriver.AbstractDriverFactory.createCommonCapabilities(AbstractDriverFactory.java:81)
at com.codeborne.selenide.webdriver.SafariDriverFactory.createCapabilities(SafariDriverFactory.java:50)
at com.codeborne.selenide.webdriver.SafariDriverFactory.create(SafariDriverFactory.java:30)
at com.codeborne.selenide.webdriver.WebDriverFactory.createWebDriverInstance(WebDriverFactory.java:119)
at com.codeborne.selenide.webdriver.WebDriverFactory.createWebDriver(WebDriverFactory.java:67)
at com.codeborne.selenide.drivercommands.CreateDriverCommand.lambda$createDriver$0(CreateDriverCommand.java:76)
at com.codeborne.selenide.logevents.SelenideLogger.get(SelenideLogger.java:166)
at com.codeborne.selenide.drivercommands.CreateDriverCommand.createDriver(CreateDriverCommand.java:52)
at com.codeborne.selenide.impl.WebDriverThreadLocalContainer.createDriver(WebDriverThreadLocalContainer.java:180)
at com.codeborne.selenide.impl.WebDriverThreadLocalContainer.getAndCheckWebDriver(WebDriverThreadLocalContainer.java:149)
at com.codeborne.selenide.WebDriverRunner.getAndCheckWebDriver(WebDriverRunner.java:130)
at com.codeborne.selenide.impl.StaticDriver.getAndCheckWebDriver(StaticDriver.java:65)
at com.codeborne.selenide.SelenideDriver.getAndCheckWebDriver(SelenideDriver.java:220)
at com.codeborne.selenide.drivercommands.Navigator.lambda$navigateTo$0(Navigator.java:72)
at com.codeborne.selenide.logevents.SelenideLogger.run(SelenideLogger.java:153)
at com.codeborne.selenide.drivercommands.Navigator.navigateTo(Navigator.java:70)
at com.codeborne.selenide.drivercommands.Navigator.open(Navigator.java:32)
at com.codeborne.selenide.SelenideDriver.open(SelenideDriver.java:101)
at com.codeborne.selenide.Selenide.open(Selenide.java:52)
at steps.SharedStepsDefinition.i_open_something_page(SharedStepsDefinition.java:44)
at ✽.I open "Path2Usa" page(file:///Users/filip/IntelliJ%20projects/RahulUdemy/src/test/java/features/Path2UsaTests.feature:4)
]]>
    </failure>
  </testcase> <!-- runScenario -->
</testsuite> <!-- rahul selenium to selenide cucumber  -->
